<?xml version="1.0" encoding="utf-8"?><testsuites name="pytest tests"><testsuite name="pytest" errors="0" failures="0" skipped="0" tests="13" time="1.866" timestamp="2026-05-05T05:50:25.061914+00:00" hostname="agent-env-82c02bb2-10be-49b4-8eae-f9449740f4fe"><testcase classname="backend.tests.test_iter18_site_content.TestSiteContent" name="test_public_get_returns_dict" time="0.509" /><testcase classname="backend.tests.test_iter18_site_content.TestSiteContent" name="test_admin_put_without_token_401" time="0.143" /><testcase classname="backend.tests.test_iter18_site_content.TestSiteContent" name="test_admin_put_with_token_saves_and_persists" time="0.134" /><testcase classname="backend.tests.test_iter18_site_content.TestSiteContent" name="test_admin_put_empty_still_stamps" time="0.130" /><testcase classname="backend.tests.test_iter18_site_content.TestSiteContent" name="test_admin_get_requires_auth" time="0.140" /><testcase classname="backend.tests.test_iter18_site_content.TestRegressionSmoke" name="test_exhibitions_public" time="0.044" /><testcase classname="backend.tests.test_iter18_site_content.TestRegressionSmoke" name="test_register_public" time="0.046" /><testcase classname="backend.tests.test_iter18_site_content.TestRegressionSmoke" name="test_notify_interest_public" time="0.050" /><testcase classname="backend.tests.test_iter18_site_content.TestRegressionSmoke" name="test_admin_login_ok" time="0.266" /><testcase classname="backend.tests.test_iter18_site_content.TestRegressionSmoke" name="test_admin_registrations" time="0.050" /><testcase classname="backend.tests.test_iter18_site_content.TestRegressionSmoke" name="test_admin_notify_interest" time="0.044" /><testcase classname="backend.tests.test_iter18_site_content.TestRegressionSmoke" name="test_admin_notify_cities" time="0.049" /><testcase classname="backend.tests.test_iter18_site_content.TestRegressionSmoke" name="test_admin_upload_image" time="0.179" /></testsuite></testsuites>