<?xml version="1.0" encoding="utf-8"?><testsuites name="pytest tests"><testsuite name="pytest" errors="0" failures="0" skipped="0" tests="6" time="0.718" timestamp="2026-04-20T10:44:32.402298+00:00" hostname="agent-env-82c02bb2-10be-49b4-8eae-f9449740f4fe"><testcase classname="backend.tests.test_rudralife_api.TestRoot" name="test_root_message" time="0.293" /><testcase classname="backend.tests.test_rudralife_api.TestRegistration" name="test_create_valid_registration" time="0.050" /><testcase classname="backend.tests.test_rudralife_api.TestRegistration" name="test_invalid_email_returns_422" time="0.056" /><testcase classname="backend.tests.test_rudralife_api.TestRegistration" name="test_missing_required_field_returns_422" time="0.047" /><testcase classname="backend.tests.test_rudralife_api.TestRegistration" name="test_optional_message_defaults" time="0.051" /><testcase classname="backend.tests.test_rudralife_api.TestRegistration" name="test_list_registrations_most_recent_first" time="0.062" /></testsuite></testsuites>