<?xml version="1.0" encoding="utf-8"?><testsuites name="pytest tests"><testsuite name="pytest" errors="0" failures="0" skipped="0" tests="14" time="3.907" timestamp="2026-05-04T13:53:07.643318+00:00" hostname="agent-env-82c02bb2-10be-49b4-8eae-f9449740f4fe"><testcase classname="backend.tests.test_iter16_features.TestPublicNotifyCities" name="test_returns_seeded_cities" time="0.287" /><testcase classname="backend.tests.test_iter16_features.TestAdminNotifyCities" name="test_list_requires_auth" time="0.135" /><testcase classname="backend.tests.test_iter16_features.TestAdminNotifyCities" name="test_list_with_auth" time="0.464" /><testcase classname="backend.tests.test_iter16_features.TestAdminNotifyCities" name="test_create_requires_auth" time="0.112" /><testcase classname="backend.tests.test_iter16_features.TestAdminNotifyCities" name="test_full_lifecycle" time="0.940" /><testcase classname="backend.tests.test_iter16_features.TestAdminNotifyCities" name="test_invalid_type" time="0.106" /><testcase classname="backend.tests.test_iter16_features.TestAdminNotifyCities" name="test_missing_name" time="0.239" /><testcase classname="backend.tests.test_iter16_features.TestAdminNotifyCities" name="test_delete_unknown" time="0.113" /><testcase classname="backend.tests.test_iter16_features.TestAdminUploadImage" name="test_requires_auth" time="0.108" /><testcase classname="backend.tests.test_iter16_features.TestAdminUploadImage" name="test_upload_png_and_fetch" time="0.288" /><testcase classname="backend.tests.test_iter16_features.TestAdminUploadImage" name="test_upload_jpg" time="0.119" /><testcase classname="backend.tests.test_iter16_features.TestAdminUploadImage" name="test_upload_webp" time="0.143" /><testcase classname="backend.tests.test_iter16_features.TestAdminUploadImage" name="test_reject_non_image_extension" time="0.218" /><testcase classname="backend.tests.test_iter16_features.TestAdminUploadImage" name="test_reject_oversize" time="0.378" /></testsuite></testsuites>