<?xml version="1.0" encoding="utf-8"?><testsuites name="pytest tests"><testsuite name="pytest" errors="0" failures="0" skipped="0" tests="59" time="9.169" timestamp="2026-05-05T05:50:30.249700+00:00" hostname="agent-env-82c02bb2-10be-49b4-8eae-f9449740f4fe"><testcase classname="backend.tests.test_iter16_features.TestPublicNotifyCities" name="test_returns_seeded_cities" time="0.134" /><testcase classname="backend.tests.test_iter16_features.TestAdminNotifyCities" name="test_list_requires_auth" time="0.158" /><testcase classname="backend.tests.test_iter16_features.TestAdminNotifyCities" name="test_list_with_auth" time="0.510" /><testcase classname="backend.tests.test_iter16_features.TestAdminNotifyCities" name="test_create_requires_auth" time="0.140" /><testcase classname="backend.tests.test_iter16_features.TestAdminNotifyCities" name="test_full_lifecycle" time="0.829" /><testcase classname="backend.tests.test_iter16_features.TestAdminNotifyCities" name="test_invalid_type" time="0.142" /><testcase classname="backend.tests.test_iter16_features.TestAdminNotifyCities" name="test_missing_name" time="0.254" /><testcase classname="backend.tests.test_iter16_features.TestAdminNotifyCities" name="test_delete_unknown" time="0.113" /><testcase classname="backend.tests.test_iter16_features.TestAdminUploadImage" name="test_requires_auth" time="0.147" /><testcase classname="backend.tests.test_iter16_features.TestAdminUploadImage" name="test_upload_png_and_fetch" time="0.209" /><testcase classname="backend.tests.test_iter16_features.TestAdminUploadImage" name="test_upload_jpg" time="0.153" /><testcase classname="backend.tests.test_iter16_features.TestAdminUploadImage" name="test_upload_webp" time="0.102" /><testcase classname="backend.tests.test_iter16_features.TestAdminUploadImage" name="test_reject_non_image_extension" time="0.221" /><testcase classname="backend.tests.test_iter16_features.TestAdminUploadImage" name="test_reject_oversize" time="0.450" /><testcase classname="backend.tests.test_iter18_site_content.TestSiteContent" name="test_public_get_returns_dict" time="0.460" /><testcase classname="backend.tests.test_iter18_site_content.TestSiteContent" name="test_admin_put_without_token_401" time="0.138" /><testcase classname="backend.tests.test_iter18_site_content.TestSiteContent" name="test_admin_put_with_token_saves_and_persists" time="0.167" /><testcase classname="backend.tests.test_iter18_site_content.TestSiteContent" name="test_admin_put_empty_still_stamps" time="0.166" /><testcase classname="backend.tests.test_iter18_site_content.TestSiteContent" name="test_admin_get_requires_auth" time="0.143" /><testcase classname="backend.tests.test_iter18_site_content.TestRegressionSmoke" name="test_exhibitions_public" time="0.050" /><testcase classname="backend.tests.test_iter18_site_content.TestRegressionSmoke" name="test_register_public" time="0.054" /><testcase classname="backend.tests.test_iter18_site_content.TestRegressionSmoke" name="test_notify_interest_public" time="0.055" /><testcase classname="backend.tests.test_iter18_site_content.TestRegressionSmoke" name="test_admin_login_ok" time="0.272" /><testcase classname="backend.tests.test_iter18_site_content.TestRegressionSmoke" name="test_admin_registrations" time="0.055" /><testcase classname="backend.tests.test_iter18_site_content.TestRegressionSmoke" name="test_admin_notify_interest" time="0.055" /><testcase classname="backend.tests.test_iter18_site_content.TestRegressionSmoke" name="test_admin_notify_cities" time="0.049" /><testcase classname="backend.tests.test_iter18_site_content.TestRegressionSmoke" name="test_admin_upload_image" time="0.218" /><testcase classname="backend.tests.test_notify_interest.TestNotifyInterestPublic" name="test_create_notify_interest_success" time="0.104" /><testcase classname="backend.tests.test_notify_interest.TestNotifyInterestPublic" name="test_create_notify_interest_international" time="0.044" /><testcase classname="backend.tests.test_notify_interest.TestNotifyInterestPublic" name="test_invalid_email_returns_422" time="0.052" /><testcase classname="backend.tests.test_notify_interest.TestNotifyInterestPublic" name="test_missing_required_field_returns_422" time="0.043" /><testcase classname="backend.tests.test_notify_interest.TestNotifyInterestAdmin" name="test_list_requires_auth" time="0.048" /><testcase classname="backend.tests.test_notify_interest.TestNotifyInterestAdmin" name="test_list_returns_items" time="0.319" /><testcase classname="backend.tests.test_notify_interest.TestNotifyInterestAdmin" name="test_filter_by_city" time="0.051" /><testcase classname="backend.tests.test_notify_interest.TestNotifyInterestAdmin" name="test_filter_by_type" time="0.053" /><testcase classname="backend.tests.test_notify_interest.TestNotifyInterestAdmin" name="test_filter_by_far_future_date_returns_empty" time="0.045" /><testcase classname="backend.tests.test_notify_interest.TestNotifyInterestAdmin" name="test_export_xlsx_requires_auth" time="0.045" /><testcase classname="backend.tests.test_notify_interest.TestNotifyInterestAdmin" name="test_export_xlsx_success" time="0.056" /><testcase classname="backend.tests.test_rudralife_admin.TestPublicExhibitions" name="test_public_list_returns_seeded" time="0.098" /><testcase classname="backend.tests.test_rudralife_admin.TestAdminAuth" name="test_login_wrong_password" time="0.268" /><testcase classname="backend.tests.test_rudralife_admin.TestAdminAuth" name="test_login_unknown_email" time="0.042" /><testcase classname="backend.tests.test_rudralife_admin.TestAdminAuth" name="test_login_correct" time="0.267" /><testcase classname="backend.tests.test_rudralife_admin.TestAdminAuth" name="test_me_with_token" time="0.126" /><testcase classname="backend.tests.test_rudralife_admin.TestAdminAuth" name="test_me_without_token" time="0.042" /><testcase classname="backend.tests.test_rudralife_admin.TestAdminExhibitions" name="test_list_requires_auth" time="0.043" /><testcase classname="backend.tests.test_rudralife_admin.TestAdminExhibitions" name="test_list_with_auth" time="0.058" /><testcase classname="backend.tests.test_rudralife_admin.TestAdminExhibitions" name="test_full_lifecycle" time="0.446" /><testcase classname="backend.tests.test_rudralife_admin.TestAdminExhibitions" name="test_create_requires_auth" time="0.083" /><testcase classname="backend.tests.test_rudralife_admin.TestAdminRegistrations" name="test_requires_auth" time="0.042" /><testcase classname="backend.tests.test_rudralife_admin.TestAdminRegistrations" name="test_list_and_filters" time="0.384" /><testcase classname="backend.tests.test_rudralife_admin.TestAdminRegistrations" name="test_no_delete_endpoint" time="0.181" /><testcase classname="backend.tests.test_rudralife_admin.TestAdminRegistrations" name="test_export_excel" time="0.072" /><testcase classname="backend.tests.test_rudralife_admin.TestAdminRegistrations" name="test_export_requires_auth" time="0.045" /><testcase classname="backend.tests.test_rudralife_api.TestRoot" name="test_root_message" time="0.101" /><testcase classname="backend.tests.test_rudralife_api.TestRegistration" name="test_create_valid_registration" time="0.045" /><testcase classname="backend.tests.test_rudralife_api.TestRegistration" name="test_invalid_email_returns_422" time="0.044" /><testcase classname="backend.tests.test_rudralife_api.TestRegistration" name="test_missing_required_field_returns_422" time="0.047" /><testcase classname="backend.tests.test_rudralife_api.TestRegistration" name="test_optional_message_defaults" time="0.047" /><testcase classname="backend.tests.test_rudralife_api.TestRegistration" name="test_public_list_registrations_removed" time="0.054" /></testsuite></testsuites>