<?xml version="1.0" encoding="utf-8"?><testsuites name="pytest tests"><testsuite name="pytest" errors="0" failures="0" skipped="0" tests="32" time="4.153" timestamp="2026-05-04T12:25:04.169628+00:00" hostname="agent-env-82c02bb2-10be-49b4-8eae-f9449740f4fe"><testcase classname="backend.tests.test_notify_interest.TestNotifyInterestPublic" name="test_create_notify_interest_success" time="0.325" /><testcase classname="backend.tests.test_notify_interest.TestNotifyInterestPublic" name="test_create_notify_interest_international" time="0.053" /><testcase classname="backend.tests.test_notify_interest.TestNotifyInterestPublic" name="test_invalid_email_returns_422" time="0.049" /><testcase classname="backend.tests.test_notify_interest.TestNotifyInterestPublic" name="test_missing_required_field_returns_422" time="0.047" /><testcase classname="backend.tests.test_notify_interest.TestNotifyInterestAdmin" name="test_list_requires_auth" time="0.046" /><testcase classname="backend.tests.test_notify_interest.TestNotifyInterestAdmin" name="test_list_returns_items" time="0.314" /><testcase classname="backend.tests.test_notify_interest.TestNotifyInterestAdmin" name="test_filter_by_city" time="0.046" /><testcase classname="backend.tests.test_notify_interest.TestNotifyInterestAdmin" name="test_filter_by_type" time="0.048" /><testcase classname="backend.tests.test_notify_interest.TestNotifyInterestAdmin" name="test_filter_by_far_future_date_returns_empty" time="0.049" /><testcase classname="backend.tests.test_notify_interest.TestNotifyInterestAdmin" name="test_export_xlsx_requires_auth" time="0.045" /><testcase classname="backend.tests.test_notify_interest.TestNotifyInterestAdmin" name="test_export_xlsx_success" time="0.064" /><testcase classname="backend.tests.test_rudralife_admin.TestPublicExhibitions" name="test_public_list_returns_seeded" time="0.154" /><testcase classname="backend.tests.test_rudralife_admin.TestAdminAuth" name="test_login_wrong_password" time="0.281" /><testcase classname="backend.tests.test_rudralife_admin.TestAdminAuth" name="test_login_unknown_email" time="0.052" /><testcase classname="backend.tests.test_rudralife_admin.TestAdminAuth" name="test_login_correct" time="0.276" /><testcase classname="backend.tests.test_rudralife_admin.TestAdminAuth" name="test_me_with_token" time="0.116" /><testcase classname="backend.tests.test_rudralife_admin.TestAdminAuth" name="test_me_without_token" time="0.049" /><testcase classname="backend.tests.test_rudralife_admin.TestAdminExhibitions" name="test_list_requires_auth" time="0.064" /><testcase classname="backend.tests.test_rudralife_admin.TestAdminExhibitions" name="test_list_with_auth" time="0.047" /><testcase classname="backend.tests.test_rudralife_admin.TestAdminExhibitions" name="test_full_lifecycle" time="0.499" /><testcase classname="backend.tests.test_rudralife_admin.TestAdminExhibitions" name="test_create_requires_auth" time="0.051" /><testcase classname="backend.tests.test_rudralife_admin.TestAdminRegistrations" name="test_requires_auth" time="0.048" /><testcase classname="backend.tests.test_rudralife_admin.TestAdminRegistrations" name="test_list_and_filters" time="0.367" /><testcase classname="backend.tests.test_rudralife_admin.TestAdminRegistrations" name="test_no_delete_endpoint" time="0.158" /><testcase classname="backend.tests.test_rudralife_admin.TestAdminRegistrations" name="test_export_excel" time="0.062" /><testcase classname="backend.tests.test_rudralife_admin.TestAdminRegistrations" name="test_export_requires_auth" time="0.061" /><testcase classname="backend.tests.test_rudralife_api.TestRoot" name="test_root_message" time="0.102" /><testcase classname="backend.tests.test_rudralife_api.TestRegistration" name="test_create_valid_registration" time="0.046" /><testcase classname="backend.tests.test_rudralife_api.TestRegistration" name="test_invalid_email_returns_422" time="0.047" /><testcase classname="backend.tests.test_rudralife_api.TestRegistration" name="test_missing_required_field_returns_422" time="0.048" /><testcase classname="backend.tests.test_rudralife_api.TestRegistration" name="test_optional_message_defaults" time="0.047" /><testcase classname="backend.tests.test_rudralife_api.TestRegistration" name="test_public_list_registrations_removed" time="0.044" /></testsuite></testsuites>