<?xml version="1.0" encoding="utf-8"?><testsuites name="pytest tests"><testsuite name="pytest" errors="0" failures="0" skipped="0" tests="21" time="2.922" timestamp="2026-04-29T06:02:56.742459+00:00" hostname="agent-env-82c02bb2-10be-49b4-8eae-f9449740f4fe"><testcase classname="backend.tests.test_rudralife_admin.TestPublicExhibitions" name="test_public_list_returns_seeded" time="0.164" /><testcase classname="backend.tests.test_rudralife_admin.TestAdminAuth" name="test_login_wrong_password" time="0.280" /><testcase classname="backend.tests.test_rudralife_admin.TestAdminAuth" name="test_login_unknown_email" time="0.051" /><testcase classname="backend.tests.test_rudralife_admin.TestAdminAuth" name="test_login_correct" time="0.271" /><testcase classname="backend.tests.test_rudralife_admin.TestAdminAuth" name="test_me_with_token" time="0.113" /><testcase classname="backend.tests.test_rudralife_admin.TestAdminAuth" name="test_me_without_token" time="0.063" /><testcase classname="backend.tests.test_rudralife_admin.TestAdminExhibitions" name="test_list_requires_auth" time="0.048" /><testcase classname="backend.tests.test_rudralife_admin.TestAdminExhibitions" name="test_list_with_auth" time="0.044" /><testcase classname="backend.tests.test_rudralife_admin.TestAdminExhibitions" name="test_full_lifecycle" time="0.520" /><testcase classname="backend.tests.test_rudralife_admin.TestAdminExhibitions" name="test_create_requires_auth" time="0.047" /><testcase classname="backend.tests.test_rudralife_admin.TestAdminRegistrations" name="test_requires_auth" time="0.058" /><testcase classname="backend.tests.test_rudralife_admin.TestAdminRegistrations" name="test_list_and_filters" time="0.351" /><testcase classname="backend.tests.test_rudralife_admin.TestAdminRegistrations" name="test_no_delete_endpoint" time="0.154" /><testcase classname="backend.tests.test_rudralife_admin.TestAdminRegistrations" name="test_export_excel" time="0.242" /><testcase classname="backend.tests.test_rudralife_admin.TestAdminRegistrations" name="test_export_requires_auth" time="0.050" /><testcase classname="backend.tests.test_rudralife_api.TestRoot" name="test_root_message" time="0.121" /><testcase classname="backend.tests.test_rudralife_api.TestRegistration" name="test_create_valid_registration" time="0.053" /><testcase classname="backend.tests.test_rudralife_api.TestRegistration" name="test_invalid_email_returns_422" time="0.052" /><testcase classname="backend.tests.test_rudralife_api.TestRegistration" name="test_missing_required_field_returns_422" time="0.053" /><testcase classname="backend.tests.test_rudralife_api.TestRegistration" name="test_optional_message_defaults" time="0.053" /><testcase classname="backend.tests.test_rudralife_api.TestRegistration" name="test_public_list_registrations_removed" time="0.052" /></testsuite></testsuites>