<?xml version="1.0" encoding="utf-8"?><testsuites name="pytest tests"><testsuite name="pytest" errors="0" failures="0" skipped="0" tests="46" time="9.381" timestamp="2026-05-04T13:53:16.443146+00:00" hostname="agent-env-82c02bb2-10be-49b4-8eae-f9449740f4fe"><testcase classname="backend.tests.test_iter16_features.TestPublicNotifyCities" name="test_returns_seeded_cities" time="0.151" /><testcase classname="backend.tests.test_iter16_features.TestAdminNotifyCities" name="test_list_requires_auth" time="0.126" /><testcase classname="backend.tests.test_iter16_features.TestAdminNotifyCities" name="test_list_with_auth" time="0.442" /><testcase classname="backend.tests.test_iter16_features.TestAdminNotifyCities" name="test_create_requires_auth" time="0.112" /><testcase classname="backend.tests.test_iter16_features.TestAdminNotifyCities" name="test_full_lifecycle" time="1.038" /><testcase classname="backend.tests.test_iter16_features.TestAdminNotifyCities" name="test_invalid_type" time="0.113" /><testcase classname="backend.tests.test_iter16_features.TestAdminNotifyCities" name="test_missing_name" time="0.258" /><testcase classname="backend.tests.test_iter16_features.TestAdminNotifyCities" name="test_delete_unknown" time="0.107" /><testcase classname="backend.tests.test_iter16_features.TestAdminUploadImage" name="test_requires_auth" time="0.118" /><testcase classname="backend.tests.test_iter16_features.TestAdminUploadImage" name="test_upload_png_and_fetch" time="0.223" /><testcase classname="backend.tests.test_iter16_features.TestAdminUploadImage" name="test_upload_jpg" time="0.155" /><testcase classname="backend.tests.test_iter16_features.TestAdminUploadImage" name="test_upload_webp" time="1.960" /><testcase classname="backend.tests.test_iter16_features.TestAdminUploadImage" name="test_reject_non_image_extension" time="0.255" /><testcase classname="backend.tests.test_iter16_features.TestAdminUploadImage" name="test_reject_oversize" time="0.411" /><testcase classname="backend.tests.test_notify_interest.TestNotifyInterestPublic" name="test_create_notify_interest_success" time="0.118" /><testcase classname="backend.tests.test_notify_interest.TestNotifyInterestPublic" name="test_create_notify_interest_international" time="0.051" /><testcase classname="backend.tests.test_notify_interest.TestNotifyInterestPublic" name="test_invalid_email_returns_422" time="0.053" /><testcase classname="backend.tests.test_notify_interest.TestNotifyInterestPublic" name="test_missing_required_field_returns_422" time="0.046" /><testcase classname="backend.tests.test_notify_interest.TestNotifyInterestAdmin" name="test_list_requires_auth" time="0.051" /><testcase classname="backend.tests.test_notify_interest.TestNotifyInterestAdmin" name="test_list_returns_items" time="0.329" /><testcase classname="backend.tests.test_notify_interest.TestNotifyInterestAdmin" name="test_filter_by_city" time="0.050" /><testcase classname="backend.tests.test_notify_interest.TestNotifyInterestAdmin" name="test_filter_by_type" time="0.065" /><testcase classname="backend.tests.test_notify_interest.TestNotifyInterestAdmin" name="test_filter_by_far_future_date_returns_empty" time="0.053" /><testcase classname="backend.tests.test_notify_interest.TestNotifyInterestAdmin" name="test_export_xlsx_requires_auth" time="0.048" /><testcase classname="backend.tests.test_notify_interest.TestNotifyInterestAdmin" name="test_export_xlsx_success" time="0.064" /><testcase classname="backend.tests.test_rudralife_admin.TestPublicExhibitions" name="test_public_list_returns_seeded" time="0.109" /><testcase classname="backend.tests.test_rudralife_admin.TestAdminAuth" name="test_login_wrong_password" time="0.279" /><testcase classname="backend.tests.test_rudralife_admin.TestAdminAuth" name="test_login_unknown_email" time="0.056" /><testcase classname="backend.tests.test_rudralife_admin.TestAdminAuth" name="test_login_correct" time="0.281" /><testcase classname="backend.tests.test_rudralife_admin.TestAdminAuth" name="test_me_with_token" time="0.110" /><testcase classname="backend.tests.test_rudralife_admin.TestAdminAuth" name="test_me_without_token" time="0.046" /><testcase classname="backend.tests.test_rudralife_admin.TestAdminExhibitions" name="test_list_requires_auth" time="0.052" /><testcase classname="backend.tests.test_rudralife_admin.TestAdminExhibitions" name="test_list_with_auth" time="0.058" /><testcase classname="backend.tests.test_rudralife_admin.TestAdminExhibitions" name="test_full_lifecycle" time="0.520" /><testcase classname="backend.tests.test_rudralife_admin.TestAdminExhibitions" name="test_create_requires_auth" time="0.051" /><testcase classname="backend.tests.test_rudralife_admin.TestAdminRegistrations" name="test_requires_auth" time="0.049" /><testcase classname="backend.tests.test_rudralife_admin.TestAdminRegistrations" name="test_list_and_filters" time="0.397" /><testcase classname="backend.tests.test_rudralife_admin.TestAdminRegistrations" name="test_no_delete_endpoint" time="0.162" /><testcase classname="backend.tests.test_rudralife_admin.TestAdminRegistrations" name="test_export_excel" time="0.071" /><testcase classname="backend.tests.test_rudralife_admin.TestAdminRegistrations" name="test_export_requires_auth" time="0.050" /><testcase classname="backend.tests.test_rudralife_api.TestRoot" name="test_root_message" time="0.108" /><testcase classname="backend.tests.test_rudralife_api.TestRegistration" name="test_create_valid_registration" time="0.056" /><testcase classname="backend.tests.test_rudralife_api.TestRegistration" name="test_invalid_email_returns_422" time="0.051" /><testcase classname="backend.tests.test_rudralife_api.TestRegistration" name="test_missing_required_field_returns_422" time="0.051" /><testcase classname="backend.tests.test_rudralife_api.TestRegistration" name="test_optional_message_defaults" time="0.055" /><testcase classname="backend.tests.test_rudralife_api.TestRegistration" name="test_public_list_registrations_removed" time="0.051" /></testsuite></testsuites>